<?xml version="1.0" encoding="UTF-8"?>
<testng-results ignored="0" total="1" passed="1" failed="0" skipped="0">
  <reporter-output>
  </reporter-output>
  <suite started-at="2024-01-20T21:31:14 IST" name="Default suite" finished-at="2024-01-20T21:31:33 IST" duration-ms="19394">
    <groups>
    </groups>
    <test started-at="2024-01-20T21:31:14 IST" name="Default test" finished-at="2024-01-20T21:31:33 IST" duration-ms="19394">
      <class name="Practice.WebTable1">
        <test-method is-config="true" signature="bsConfig()[pri:0, instance:Practice.WebTable1@22ff4249]" started-at="2024-01-20T21:31:14 IST" name="bsConfig" finished-at="2024-01-20T21:31:14 IST" duration-ms="13" status="PASS">
          <reporter-output>
          </reporter-output>
        </test-method> <!-- bsConfig -->
        <test-method is-config="true" signature="bcConfig()[pri:0, instance:Practice.WebTable1@22ff4249]" started-at="2024-01-20T21:31:14 IST" name="bcConfig" finished-at="2024-01-20T21:31:20 IST" duration-ms="6864" status="PASS">
          <reporter-output>
          </reporter-output>
        </test-method> <!-- bcConfig -->
        <test-method is-config="true" signature="bmConfig()[pri:0, instance:Practice.WebTable1@22ff4249]" started-at="2024-01-20T21:31:20 IST" name="bmConfig" finished-at="2024-01-20T21:31:25 IST" duration-ms="4811" status="PASS">
          <reporter-output>
          </reporter-output>
        </test-method> <!-- bmConfig -->
        <test-method signature="checkbox()[pri:0, instance:Practice.WebTable1@22ff4249]" started-at="2024-01-20T21:31:25 IST" name="checkbox" finished-at="2024-01-20T21:31:30 IST" duration-ms="4272" status="PASS">
          <reporter-output>
          </reporter-output>
        </test-method> <!-- checkbox -->
        <test-method is-config="true" signature="amConfig()[pri:0, instance:Practice.WebTable1@22ff4249]" started-at="2024-01-20T21:31:30 IST" name="amConfig" finished-at="2024-01-20T21:31:32 IST" duration-ms="2549" status="PASS">
          <reporter-output>
          </reporter-output>
        </test-method> <!-- amConfig -->
        <test-method is-config="true" signature="acConfig()[pri:0, instance:Practice.WebTable1@22ff4249]" started-at="2024-01-20T21:31:32 IST" name="acConfig" finished-at="2024-01-20T21:31:33 IST" duration-ms="837" status="PASS">
          <reporter-output>
          </reporter-output>
        </test-method> <!-- acConfig -->
        <test-method is-config="true" signature="asConfig()[pri:0, instance:Practice.WebTable1@22ff4249]" started-at="2024-01-20T21:31:33 IST" name="asConfig" finished-at="2024-01-20T21:31:33 IST" duration-ms="1" status="PASS">
          <reporter-output>
          </reporter-output>
        </test-method> <!-- asConfig -->
      </class> <!-- Practice.WebTable1 -->
    </test> <!-- Default test -->
  </suite> <!-- Default suite -->
</testng-results>
